{"C:\\Users\\Florencia Taburelli\\Desktop\\De los Andes\\Challenge\\backCreditu\\app.js": {"path":"C:\\Users\\Florencia Taburelli\\Desktop\\De los Andes\\Challenge\\backCreditu\\app.js","statementMap":{"0":{"start":{"line":1,"column":16},"end":{"line":1,"column":34}},"1":{"start":{"line":2,"column":13},"end":{"line":2,"column":28}},"2":{"start":{"line":3,"column":15},"end":{"line":3,"column":41}},"3":{"start":{"line":4,"column":13},"end":{"line":4,"column":37}},"4":{"start":{"line":6,"column":12},"end":{"line":6,"column":21}},"5":{"start":{"line":8,"column":0},"end":{"line":8,"column":23}},"6":{"start":{"line":9,"column":0},"end":{"line":9,"column":47}},"7":{"start":{"line":10,"column":0},"end":{"line":10,"column":15}},"8":{"start":{"line":14,"column":0},"end":{"line":14,"column":20}},"9":{"start":{"line":15,"column":0},"end":{"line":15,"column":18}},"10":{"start":{"line":18,"column":0},"end":{"line":18,"column":22}}},"fnMap":{},"branchMap":{},"s":{"0":2,"1":2,"2":2,"3":2,"4":2,"5":2,"6":2,"7":2,"8":2,"9":2,"10":2},"f":{},"b":{},"_coverageSchema":"1a1c01bbd47fc00a2c39e90264f33305004495a9","hash":"656bc6642d942e8608e8ea3b8480b08889798fce"}
,"C:\\Users\\Florencia Taburelli\\Desktop\\De los Andes\\Challenge\\backCreditu\\controllers\\functionPlayers.js": {"path":"C:\\Users\\Florencia Taburelli\\Desktop\\De los Andes\\Challenge\\backCreditu\\controllers\\functionPlayers.js","statementMap":{"0":{"start":{"line":1,"column":15},"end":{"line":1,"column":42}},"1":{"start":{"line":2,"column":13},"end":{"line":2,"column":38}},"2":{"start":{"line":3,"column":16},"end":{"line":3,"column":44}},"3":{"start":{"line":4,"column":13},"end":{"line":4,"column":32}},"4":{"start":{"line":6,"column":22},"end":{"line":8,"column":1}},"5":{"start":{"line":7,"column":2},"end":{"line":7,"column":70}},"6":{"start":{"line":7,"column":23},"end":{"line":7,"column":68}},"7":{"start":{"line":10,"column":23},"end":{"line":13,"column":1}},"8":{"start":{"line":11,"column":20},"end":{"line":11,"column":106}},"9":{"start":{"line":12,"column":2},"end":{"line":12,"column":18}},"10":{"start":{"line":15,"column":22},"end":{"line":40,"column":1}},"11":{"start":{"line":16,"column":21},"end":{"line":18,"column":4}},"12":{"start":{"line":19,"column":26},"end":{"line":23,"column":4}},"13":{"start":{"line":24,"column":18},"end":{"line":33,"column":4}},"14":{"start":{"line":25,"column":4},"end":{"line":32,"column":5}},"15":{"start":{"line":31,"column":42},"end":{"line":31,"column":57}},"16":{"start":{"line":34,"column":2},"end":{"line":38,"column":3}},"17":{"start":{"line":35,"column":4},"end":{"line":35,"column":81}},"18":{"start":{"line":35,"column":58},"end":{"line":35,"column":79}},"19":{"start":{"line":36,"column":8},"end":{"line":38,"column":3}},"20":{"start":{"line":37,"column":4},"end":{"line":37,"column":81}},"21":{"start":{"line":37,"column":58},"end":{"line":37,"column":79}},"22":{"start":{"line":42,"column":22},"end":{"line":45,"column":1}},"23":{"start":{"line":43,"column":17},"end":{"line":43,"column":42}},"24":{"start":{"line":44,"column":2},"end":{"line":44,"column":15}},"25":{"start":{"line":47,"column":21},"end":{"line":73,"column":1}},"26":{"start":{"line":48,"column":15},"end":{"line":48,"column":43}},"27":{"start":{"line":49,"column":2},"end":{"line":71,"column":3}},"28":{"start":{"line":50,"column":4},"end":{"line":70,"column":5}},"29":{"start":{"line":51,"column":35},"end":{"line":59,"column":8}},"30":{"start":{"line":60,"column":6},"end":{"line":66,"column":7}},"31":{"start":{"line":61,"column":8},"end":{"line":61,"column":33}},"32":{"start":{"line":62,"column":8},"end":{"line":62,"column":70}},"33":{"start":{"line":63,"column":8},"end":{"line":63,"column":24}},"34":{"start":{"line":65,"column":8},"end":{"line":65,"column":38}},"35":{"start":{"line":69,"column":6},"end":{"line":69,"column":44}},"36":{"start":{"line":72,"column":2},"end":{"line":72,"column":31}},"37":{"start":{"line":75,"column":21},"end":{"line":78,"column":1}},"38":{"start":{"line":76,"column":24},"end":{"line":76,"column":63}},"39":{"start":{"line":77,"column":2},"end":{"line":77,"column":22}},"40":{"start":{"line":80,"column":21},"end":{"line":95,"column":1}},"41":{"start":{"line":81,"column":15},"end":{"line":81,"column":43}},"42":{"start":{"line":82,"column":2},"end":{"line":94,"column":3}},"43":{"start":{"line":83,"column":4},"end":{"line":91,"column":5}},"44":{"start":{"line":84,"column":21},"end":{"line":84,"column":113}},"45":{"start":{"line":85,"column":6},"end":{"line":85,"column":59}},"46":{"start":{"line":85,"column":23},"end":{"line":85,"column":59}},"47":{"start":{"line":86,"column":6},"end":{"line":86,"column":52}},"48":{"start":{"line":87,"column":10},"end":{"line":91,"column":5}},"49":{"start":{"line":88,"column":21},"end":{"line":88,"column":99}},"50":{"start":{"line":89,"column":6},"end":{"line":89,"column":59}},"51":{"start":{"line":89,"column":23},"end":{"line":89,"column":59}},"52":{"start":{"line":90,"column":6},"end":{"line":90,"column":52}},"53":{"start":{"line":93,"column":4},"end":{"line":93,"column":32}},"54":{"start":{"line":97,"column":21},"end":{"line":171,"column":1}},"55":{"start":{"line":98,"column":21},"end":{"line":100,"column":4}},"56":{"start":{"line":102,"column":2},"end":{"line":170,"column":3}},"57":{"start":{"line":103,"column":19},"end":{"line":103,"column":50}},"58":{"start":{"line":104,"column":4},"end":{"line":115,"column":5}},"59":{"start":{"line":105,"column":6},"end":{"line":112,"column":8}},"60":{"start":{"line":111,"column":44},"end":{"line":111,"column":62}},"61":{"start":{"line":114,"column":6},"end":{"line":114,"column":63}},"62":{"start":{"line":117,"column":8},"end":{"line":170,"column":3}},"63":{"start":{"line":119,"column":4},"end":{"line":169,"column":5}},"64":{"start":{"line":120,"column":34},"end":{"line":131,"column":8}},"65":{"start":{"line":132,"column":6},"end":{"line":148,"column":7}},"66":{"start":{"line":133,"column":29},"end":{"line":144,"column":10}},"67":{"start":{"line":134,"column":25},"end":{"line":142,"column":11}},"68":{"start":{"line":140,"column":48},"end":{"line":140,"column":62}},"69":{"start":{"line":143,"column":10},"end":{"line":143,"column":23}},"70":{"start":{"line":145,"column":8},"end":{"line":145,"column":27}},"71":{"start":{"line":147,"column":8},"end":{"line":147,"column":79}},"72":{"start":{"line":151,"column":10},"end":{"line":169,"column":5}},"73":{"start":{"line":152,"column":28},"end":{"line":152,"column":103}},"74":{"start":{"line":153,"column":6},"end":{"line":168,"column":7}},"75":{"start":{"line":154,"column":29},"end":{"line":164,"column":10}},"76":{"start":{"line":155,"column":25},"end":{"line":162,"column":11}},"77":{"start":{"line":161,"column":48},"end":{"line":161,"column":62}},"78":{"start":{"line":163,"column":10},"end":{"line":163,"column":23}},"79":{"start":{"line":165,"column":8},"end":{"line":165,"column":27}},"80":{"start":{"line":167,"column":8},"end":{"line":167,"column":71}},"81":{"start":{"line":173,"column":23},"end":{"line":199,"column":1}},"82":{"start":{"line":174,"column":2},"end":{"line":196,"column":3}},"83":{"start":{"line":175,"column":23},"end":{"line":177,"column":6}},"84":{"start":{"line":178,"column":20},"end":{"line":178,"column":67}},"85":{"start":{"line":180,"column":4},"end":{"line":193,"column":5}},"86":{"start":{"line":181,"column":27},"end":{"line":191,"column":8}},"87":{"start":{"line":182,"column":23},"end":{"line":189,"column":9}},"88":{"start":{"line":188,"column":46},"end":{"line":188,"column":59}},"89":{"start":{"line":190,"column":8},"end":{"line":190,"column":21}},"90":{"start":{"line":192,"column":6},"end":{"line":192,"column":25}},"91":{"start":{"line":195,"column":4},"end":{"line":195,"column":29}},"92":{"start":{"line":201,"column":0},"end":{"line":201,"column":134}}},"fnMap":{"0":{"name":"(anonymous_0)","decl":{"start":{"line":6,"column":22},"end":{"line":6,"column":23}},"loc":{"start":{"line":6,"column":34},"end":{"line":8,"column":1}},"line":6},"1":{"name":"(anonymous_1)","decl":{"start":{"line":7,"column":18},"end":{"line":7,"column":19}},"loc":{"start":{"line":7,"column":23},"end":{"line":7,"column":68}},"line":7},"2":{"name":"(anonymous_2)","decl":{"start":{"line":10,"column":23},"end":{"line":10,"column":24}},"loc":{"start":{"line":10,"column":58},"end":{"line":13,"column":1}},"line":10},"3":{"name":"(anonymous_3)","decl":{"start":{"line":15,"column":22},"end":{"line":15,"column":23}},"loc":{"start":{"line":15,"column":52},"end":{"line":40,"column":1}},"line":15},"4":{"name":"(anonymous_4)","decl":{"start":{"line":24,"column":27},"end":{"line":24,"column":28}},"loc":{"start":{"line":24,"column":34},"end":{"line":33,"column":3}},"line":24},"5":{"name":"(anonymous_5)","decl":{"start":{"line":31,"column":37},"end":{"line":31,"column":38}},"loc":{"start":{"line":31,"column":42},"end":{"line":31,"column":57}},"line":31},"6":{"name":"(anonymous_6)","decl":{"start":{"line":35,"column":48},"end":{"line":35,"column":49}},"loc":{"start":{"line":35,"column":58},"end":{"line":35,"column":79}},"line":35},"7":{"name":"(anonymous_7)","decl":{"start":{"line":37,"column":48},"end":{"line":37,"column":49}},"loc":{"start":{"line":37,"column":58},"end":{"line":37,"column":79}},"line":37},"8":{"name":"(anonymous_8)","decl":{"start":{"line":42,"column":22},"end":{"line":42,"column":23}},"loc":{"start":{"line":42,"column":36},"end":{"line":45,"column":1}},"line":42},"9":{"name":"(anonymous_9)","decl":{"start":{"line":47,"column":21},"end":{"line":47,"column":22}},"loc":{"start":{"line":47,"column":64},"end":{"line":73,"column":1}},"line":47},"10":{"name":"(anonymous_10)","decl":{"start":{"line":75,"column":21},"end":{"line":75,"column":22}},"loc":{"start":{"line":75,"column":34},"end":{"line":78,"column":1}},"line":75},"11":{"name":"(anonymous_11)","decl":{"start":{"line":80,"column":21},"end":{"line":80,"column":22}},"loc":{"start":{"line":80,"column":69},"end":{"line":95,"column":1}},"line":80},"12":{"name":"(anonymous_12)","decl":{"start":{"line":97,"column":21},"end":{"line":97,"column":22}},"loc":{"start":{"line":97,"column":48},"end":{"line":171,"column":1}},"line":97},"13":{"name":"(anonymous_13)","decl":{"start":{"line":111,"column":39},"end":{"line":111,"column":40}},"loc":{"start":{"line":111,"column":44},"end":{"line":111,"column":62}},"line":111},"14":{"name":"(anonymous_14)","decl":{"start":{"line":133,"column":53},"end":{"line":133,"column":54}},"loc":{"start":{"line":133,"column":59},"end":{"line":144,"column":9}},"line":133},"15":{"name":"(anonymous_15)","decl":{"start":{"line":140,"column":43},"end":{"line":140,"column":44}},"loc":{"start":{"line":140,"column":48},"end":{"line":140,"column":62}},"line":140},"16":{"name":"(anonymous_16)","decl":{"start":{"line":154,"column":47},"end":{"line":154,"column":48}},"loc":{"start":{"line":154,"column":53},"end":{"line":164,"column":9}},"line":154},"17":{"name":"(anonymous_17)","decl":{"start":{"line":161,"column":43},"end":{"line":161,"column":44}},"loc":{"start":{"line":161,"column":48},"end":{"line":161,"column":62}},"line":161},"18":{"name":"(anonymous_18)","decl":{"start":{"line":173,"column":23},"end":{"line":173,"column":24}},"loc":{"start":{"line":173,"column":41},"end":{"line":199,"column":1}},"line":173},"19":{"name":"(anonymous_19)","decl":{"start":{"line":181,"column":39},"end":{"line":181,"column":40}},"loc":{"start":{"line":181,"column":44},"end":{"line":191,"column":7}},"line":181},"20":{"name":"(anonymous_20)","decl":{"start":{"line":188,"column":41},"end":{"line":188,"column":42}},"loc":{"start":{"line":188,"column":46},"end":{"line":188,"column":59}},"line":188}},"branchMap":{"0":{"loc":{"start":{"line":22,"column":22},"end":{"line":22,"column":57}},"type":"cond-expr","locations":[{"start":{"line":22,"column":43},"end":{"line":22,"column":49}},{"start":{"line":22,"column":52},"end":{"line":22,"column":57}}],"line":22},"1":{"loc":{"start":{"line":34,"column":2},"end":{"line":38,"column":3}},"type":"if","locations":[{"start":{"line":34,"column":2},"end":{"line":38,"column":3}},{"start":{"line":36,"column":8},"end":{"line":38,"column":3}}],"line":34},"2":{"loc":{"start":{"line":36,"column":8},"end":{"line":38,"column":3}},"type":"if","locations":[{"start":{"line":36,"column":8},"end":{"line":38,"column":3}},{"start":{},"end":{}}],"line":36},"3":{"loc":{"start":{"line":49,"column":2},"end":{"line":71,"column":3}},"type":"if","locations":[{"start":{"line":49,"column":2},"end":{"line":71,"column":3}},{"start":{},"end":{}}],"line":49},"4":{"loc":{"start":{"line":50,"column":4},"end":{"line":70,"column":5}},"type":"if","locations":[{"start":{"line":50,"column":4},"end":{"line":70,"column":5}},{"start":{"line":68,"column":9},"end":{"line":70,"column":5}}],"line":50},"5":{"loc":{"start":{"line":60,"column":6},"end":{"line":66,"column":7}},"type":"if","locations":[{"start":{"line":60,"column":6},"end":{"line":66,"column":7}},{"start":{"line":64,"column":11},"end":{"line":66,"column":7}}],"line":60},"6":{"loc":{"start":{"line":82,"column":2},"end":{"line":94,"column":3}},"type":"if","locations":[{"start":{"line":82,"column":2},"end":{"line":94,"column":3}},{"start":{"line":92,"column":7},"end":{"line":94,"column":3}}],"line":82},"7":{"loc":{"start":{"line":83,"column":4},"end":{"line":91,"column":5}},"type":"if","locations":[{"start":{"line":83,"column":4},"end":{"line":91,"column":5}},{"start":{"line":87,"column":10},"end":{"line":91,"column":5}}],"line":83},"8":{"loc":{"start":{"line":85,"column":6},"end":{"line":85,"column":59}},"type":"if","locations":[{"start":{"line":85,"column":6},"end":{"line":85,"column":59}},{"start":{},"end":{}}],"line":85},"9":{"loc":{"start":{"line":87,"column":10},"end":{"line":91,"column":5}},"type":"if","locations":[{"start":{"line":87,"column":10},"end":{"line":91,"column":5}},{"start":{},"end":{}}],"line":87},"10":{"loc":{"start":{"line":89,"column":6},"end":{"line":89,"column":59}},"type":"if","locations":[{"start":{"line":89,"column":6},"end":{"line":89,"column":59}},{"start":{},"end":{}}],"line":89},"11":{"loc":{"start":{"line":102,"column":2},"end":{"line":170,"column":3}},"type":"if","locations":[{"start":{"line":102,"column":2},"end":{"line":170,"column":3}},{"start":{"line":117,"column":8},"end":{"line":170,"column":3}}],"line":102},"12":{"loc":{"start":{"line":104,"column":4},"end":{"line":115,"column":5}},"type":"if","locations":[{"start":{"line":104,"column":4},"end":{"line":115,"column":5}},{"start":{"line":113,"column":10},"end":{"line":115,"column":5}}],"line":104},"13":{"loc":{"start":{"line":117,"column":8},"end":{"line":170,"column":3}},"type":"if","locations":[{"start":{"line":117,"column":8},"end":{"line":170,"column":3}},{"start":{},"end":{}}],"line":117},"14":{"loc":{"start":{"line":119,"column":4},"end":{"line":169,"column":5}},"type":"if","locations":[{"start":{"line":119,"column":4},"end":{"line":169,"column":5}},{"start":{"line":151,"column":10},"end":{"line":169,"column":5}}],"line":119},"15":{"loc":{"start":{"line":119,"column":7},"end":{"line":119,"column":25}},"type":"binary-expr","locations":[{"start":{"line":119,"column":7},"end":{"line":119,"column":15}},{"start":{"line":119,"column":19},"end":{"line":119,"column":25}}],"line":119},"16":{"loc":{"start":{"line":132,"column":6},"end":{"line":148,"column":7}},"type":"if","locations":[{"start":{"line":132,"column":6},"end":{"line":148,"column":7}},{"start":{"line":146,"column":11},"end":{"line":148,"column":7}}],"line":132},"17":{"loc":{"start":{"line":151,"column":10},"end":{"line":169,"column":5}},"type":"if","locations":[{"start":{"line":151,"column":10},"end":{"line":169,"column":5}},{"start":{},"end":{}}],"line":151},"18":{"loc":{"start":{"line":151,"column":14},"end":{"line":151,"column":33}},"type":"binary-expr","locations":[{"start":{"line":151,"column":14},"end":{"line":151,"column":22}},{"start":{"line":151,"column":26},"end":{"line":151,"column":33}}],"line":151},"19":{"loc":{"start":{"line":153,"column":6},"end":{"line":168,"column":7}},"type":"if","locations":[{"start":{"line":153,"column":6},"end":{"line":168,"column":7}},{"start":{"line":166,"column":11},"end":{"line":168,"column":7}}],"line":153},"20":{"loc":{"start":{"line":174,"column":2},"end":{"line":196,"column":3}},"type":"if","locations":[{"start":{"line":174,"column":2},"end":{"line":196,"column":3}},{"start":{"line":194,"column":7},"end":{"line":196,"column":3}}],"line":174},"21":{"loc":{"start":{"line":174,"column":5},"end":{"line":174,"column":76}},"type":"binary-expr","locations":[{"start":{"line":174,"column":5},"end":{"line":174,"column":21}},{"start":{"line":174,"column":25},"end":{"line":174,"column":43}},{"start":{"line":174,"column":47},"end":{"line":174,"column":66}},{"start":{"line":174,"column":70},"end":{"line":174,"column":76}}],"line":174},"22":{"loc":{"start":{"line":180,"column":4},"end":{"line":193,"column":5}},"type":"if","locations":[{"start":{"line":180,"column":4},"end":{"line":193,"column":5}},{"start":{},"end":{}}],"line":180}},"s":{"0":2,"1":2,"2":2,"3":2,"4":2,"5":0,"6":0,"7":2,"8":0,"9":0,"10":2,"11":7,"12":7,"13":7,"14":6,"15":7,"16":7,"17":0,"18":0,"19":7,"20":7,"21":1,"22":2,"23":3,"24":3,"25":2,"26":1,"27":1,"28":1,"29":1,"30":1,"31":1,"32":1,"33":1,"34":0,"35":0,"36":0,"37":2,"38":3,"39":3,"40":2,"41":5,"42":5,"43":5,"44":1,"45":1,"46":0,"47":1,"48":4,"49":4,"50":4,"51":0,"52":4,"53":0,"54":2,"55":0,"56":0,"57":0,"58":0,"59":0,"60":0,"61":0,"62":0,"63":0,"64":0,"65":0,"66":0,"67":0,"68":0,"69":0,"70":0,"71":0,"72":0,"73":0,"74":0,"75":0,"76":0,"77":0,"78":0,"79":0,"80":0,"81":2,"82":0,"83":0,"84":0,"85":0,"86":0,"87":0,"88":0,"89":0,"90":0,"91":0,"92":2},"f":{"0":0,"1":0,"2":0,"3":7,"4":6,"5":7,"6":0,"7":1,"8":3,"9":1,"10":3,"11":5,"12":0,"13":0,"14":0,"15":0,"16":0,"17":0,"18":0,"19":0,"20":0},"b":{"0":[7,0],"1":[0,7],"2":[7,0],"3":[1,0],"4":[1,0],"5":[1,0],"6":[5,0],"7":[1,4],"8":[0,1],"9":[4,0],"10":[0,4],"11":[0,0],"12":[0,0],"13":[0,0],"14":[0,0],"15":[0,0],"16":[0,0],"17":[0,0],"18":[0,0],"19":[0,0],"20":[0,0],"21":[0,0,0,0],"22":[0,0]},"_coverageSchema":"1a1c01bbd47fc00a2c39e90264f33305004495a9","hash":"82f6c985619be98baca6f0a87df3ab51be762823"}
,"C:\\Users\\Florencia Taburelli\\Desktop\\De los Andes\\Challenge\\backCreditu\\controllers\\functionUsers.js": {"path":"C:\\Users\\Florencia Taburelli\\Desktop\\De los Andes\\Challenge\\backCreditu\\controllers\\functionUsers.js","statementMap":{"0":{"start":{"line":1,"column":13},"end":{"line":1,"column":38}},"1":{"start":{"line":2,"column":15},"end":{"line":2,"column":42}},"2":{"start":{"line":4,"column":16},"end":{"line":37,"column":1}},"3":{"start":{"line":5,"column":2},"end":{"line":36,"column":3}},"4":{"start":{"line":6,"column":18},"end":{"line":10,"column":6}},"5":{"start":{"line":11,"column":4},"end":{"line":11,"column":16}},"6":{"start":{"line":12,"column":9},"end":{"line":36,"column":3}},"7":{"start":{"line":13,"column":18},"end":{"line":17,"column":6}},"8":{"start":{"line":18,"column":4},"end":{"line":18,"column":16}},"9":{"start":{"line":19,"column":9},"end":{"line":36,"column":3}},"10":{"start":{"line":20,"column":18},"end":{"line":24,"column":6}},"11":{"start":{"line":25,"column":4},"end":{"line":25,"column":16}},"12":{"start":{"line":26,"column":8},"end":{"line":36,"column":3}},"13":{"start":{"line":27,"column":18},"end":{"line":31,"column":6}},"14":{"start":{"line":32,"column":4},"end":{"line":32,"column":16}},"15":{"start":{"line":34,"column":18},"end":{"line":34,"column":38}},"16":{"start":{"line":35,"column":4},"end":{"line":35,"column":16}},"17":{"start":{"line":39,"column":20},"end":{"line":59,"column":1}},"18":{"start":{"line":40,"column":33},"end":{"line":46,"column":4}},"19":{"start":{"line":47,"column":2},"end":{"line":56,"column":3}},"20":{"start":{"line":48,"column":23},"end":{"line":50,"column":6}},"21":{"start":{"line":51,"column":19},"end":{"line":51,"column":48}},"22":{"start":{"line":52,"column":4},"end":{"line":55,"column":5}},"23":{"start":{"line":53,"column":22},"end":{"line":53,"column":73}},"24":{"start":{"line":53,"column":49},"end":{"line":53,"column":67}},"25":{"start":{"line":54,"column":6},"end":{"line":54,"column":43}},"26":{"start":{"line":58,"column":2},"end":{"line":58,"column":53}},"27":{"start":{"line":61,"column":19},"end":{"line":68,"column":1}},"28":{"start":{"line":62,"column":2},"end":{"line":66,"column":3}},"29":{"start":{"line":67,"column":2},"end":{"line":67,"column":50}},"30":{"start":{"line":70,"column":19},"end":{"line":75,"column":1}},"31":{"start":{"line":71,"column":20},"end":{"line":71,"column":43}},"32":{"start":{"line":72,"column":2},"end":{"line":72,"column":46}},"33":{"start":{"line":72,"column":17},"end":{"line":72,"column":46}},"34":{"start":{"line":73,"column":2},"end":{"line":73,"column":41}},"35":{"start":{"line":74,"column":2},"end":{"line":74,"column":78}},"36":{"start":{"line":78,"column":0},"end":{"line":78,"column":63}}},"fnMap":{"0":{"name":"(anonymous_0)","decl":{"start":{"line":4,"column":16},"end":{"line":4,"column":17}},"loc":{"start":{"line":4,"column":31},"end":{"line":37,"column":1}},"line":4},"1":{"name":"(anonymous_1)","decl":{"start":{"line":39,"column":20},"end":{"line":39,"column":21}},"loc":{"start":{"line":39,"column":41},"end":{"line":59,"column":1}},"line":39},"2":{"name":"(anonymous_2)","decl":{"start":{"line":53,"column":44},"end":{"line":53,"column":45}},"loc":{"start":{"line":53,"column":49},"end":{"line":53,"column":67}},"line":53},"3":{"name":"(anonymous_3)","decl":{"start":{"line":61,"column":19},"end":{"line":61,"column":20}},"loc":{"start":{"line":61,"column":43},"end":{"line":68,"column":1}},"line":61},"4":{"name":"(anonymous_4)","decl":{"start":{"line":70,"column":19},"end":{"line":70,"column":20}},"loc":{"start":{"line":70,"column":31},"end":{"line":75,"column":1}},"line":70}},"branchMap":{"0":{"loc":{"start":{"line":5,"column":2},"end":{"line":36,"column":3}},"type":"if","locations":[{"start":{"line":5,"column":2},"end":{"line":36,"column":3}},{"start":{"line":12,"column":9},"end":{"line":36,"column":3}}],"line":5},"1":{"loc":{"start":{"line":12,"column":9},"end":{"line":36,"column":3}},"type":"if","locations":[{"start":{"line":12,"column":9},"end":{"line":36,"column":3}},{"start":{"line":19,"column":9},"end":{"line":36,"column":3}}],"line":12},"2":{"loc":{"start":{"line":19,"column":9},"end":{"line":36,"column":3}},"type":"if","locations":[{"start":{"line":19,"column":9},"end":{"line":36,"column":3}},{"start":{"line":26,"column":8},"end":{"line":36,"column":3}}],"line":19},"3":{"loc":{"start":{"line":26,"column":8},"end":{"line":36,"column":3}},"type":"if","locations":[{"start":{"line":26,"column":8},"end":{"line":36,"column":3}},{"start":{"line":33,"column":9},"end":{"line":36,"column":3}}],"line":26},"4":{"loc":{"start":{"line":47,"column":2},"end":{"line":56,"column":3}},"type":"if","locations":[{"start":{"line":47,"column":2},"end":{"line":56,"column":3}},{"start":{},"end":{}}],"line":47},"5":{"loc":{"start":{"line":52,"column":4},"end":{"line":55,"column":5}},"type":"if","locations":[{"start":{"line":52,"column":4},"end":{"line":55,"column":5}},{"start":{},"end":{}}],"line":52},"6":{"loc":{"start":{"line":72,"column":2},"end":{"line":72,"column":46}},"type":"if","locations":[{"start":{"line":72,"column":2},"end":{"line":72,"column":46}},{"start":{},"end":{}}],"line":72}},"s":{"0":2,"1":2,"2":2,"3":3,"4":3,"5":2,"6":0,"7":0,"8":0,"9":0,"10":0,"11":0,"12":0,"13":0,"14":0,"15":0,"16":0,"17":2,"18":0,"19":0,"20":0,"21":0,"22":0,"23":0,"24":0,"25":0,"26":0,"27":2,"28":0,"29":0,"30":2,"31":0,"32":0,"33":0,"34":0,"35":0,"36":2},"f":{"0":3,"1":0,"2":0,"3":0,"4":0},"b":{"0":[3,0],"1":[0,0],"2":[0,0],"3":[0,0],"4":[0,0],"5":[0,0],"6":[0,0]},"_coverageSchema":"1a1c01bbd47fc00a2c39e90264f33305004495a9","hash":"812ff6658030e66bbb5343e00212b715dc1204f1"}
,"C:\\Users\\Florencia Taburelli\\Desktop\\De los Andes\\Challenge\\backCreditu\\db\\db.js": {"path":"C:\\Users\\Florencia Taburelli\\Desktop\\De los Andes\\Challenge\\backCreditu\\db\\db.js","statementMap":{"0":{"start":{"line":1,"column":37},"end":{"line":1,"column":57}},"1":{"start":{"line":10,"column":18},"end":{"line":13,"column":2}},"2":{"start":{"line":35,"column":0},"end":{"line":37,"column":71}},"3":{"start":{"line":36,"column":14},"end":{"line":36,"column":56}},"4":{"start":{"line":37,"column":18},"end":{"line":37,"column":70}},"5":{"start":{"line":39,"column":0},"end":{"line":39,"column":44}}},"fnMap":{"0":{"name":"(anonymous_0)","decl":{"start":{"line":36,"column":8},"end":{"line":36,"column":9}},"loc":{"start":{"line":36,"column":14},"end":{"line":36,"column":56}},"line":36},"1":{"name":"(anonymous_1)","decl":{"start":{"line":37,"column":9},"end":{"line":37,"column":10}},"loc":{"start":{"line":37,"column":18},"end":{"line":37,"column":70}},"line":37}},"branchMap":{},"s":{"0":2,"1":2,"2":2,"3":2,"4":0,"5":2},"f":{"0":2,"1":0},"b":{},"_coverageSchema":"1a1c01bbd47fc00a2c39e90264f33305004495a9","hash":"fe64debafe3ec8ffb3f2348f74fef3e0dae260ca"}
,"C:\\Users\\Florencia Taburelli\\Desktop\\De los Andes\\Challenge\\backCreditu\\models\\Player.js": {"path":"C:\\Users\\Florencia Taburelli\\Desktop\\De los Andes\\Challenge\\backCreditu\\models\\Player.js","statementMap":{"0":{"start":{"line":1,"column":31},"end":{"line":1,"column":54}},"1":{"start":{"line":4,"column":15},"end":{"line":33,"column":2}},"2":{"start":{"line":17,"column":6},"end":{"line":23,"column":7}},"3":{"start":{"line":18,"column":8},"end":{"line":18,"column":44}},"4":{"start":{"line":19,"column":12},"end":{"line":23,"column":7}},"5":{"start":{"line":20,"column":8},"end":{"line":20,"column":43}},"6":{"start":{"line":21,"column":12},"end":{"line":23,"column":7}},"7":{"start":{"line":22,"column":8},"end":{"line":22,"column":41}},"8":{"start":{"line":35,"column":0},"end":{"line":35,"column":23}}},"fnMap":{"0":{"name":"(anonymous_0)","decl":{"start":{"line":16,"column":4},"end":{"line":16,"column":5}},"loc":{"start":{"line":16,"column":15},"end":{"line":24,"column":5}},"line":16}},"branchMap":{"0":{"loc":{"start":{"line":17,"column":6},"end":{"line":23,"column":7}},"type":"if","locations":[{"start":{"line":17,"column":6},"end":{"line":23,"column":7}},{"start":{"line":19,"column":12},"end":{"line":23,"column":7}}],"line":17},"1":{"loc":{"start":{"line":17,"column":10},"end":{"line":17,"column":36}},"type":"binary-expr","locations":[{"start":{"line":17,"column":10},"end":{"line":17,"column":20}},{"start":{"line":17,"column":24},"end":{"line":17,"column":36}}],"line":17},"2":{"loc":{"start":{"line":19,"column":12},"end":{"line":23,"column":7}},"type":"if","locations":[{"start":{"line":19,"column":12},"end":{"line":23,"column":7}},{"start":{"line":21,"column":12},"end":{"line":23,"column":7}}],"line":19},"3":{"loc":{"start":{"line":19,"column":16},"end":{"line":19,"column":45}},"type":"binary-expr","locations":[{"start":{"line":19,"column":16},"end":{"line":19,"column":29}},{"start":{"line":19,"column":33},"end":{"line":19,"column":45}}],"line":19},"4":{"loc":{"start":{"line":21,"column":12},"end":{"line":23,"column":7}},"type":"if","locations":[{"start":{"line":21,"column":12},"end":{"line":23,"column":7}},{"start":{},"end":{}}],"line":21},"5":{"loc":{"start":{"line":21,"column":16},"end":{"line":21,"column":47}},"type":"binary-expr","locations":[{"start":{"line":21,"column":16},"end":{"line":21,"column":29}},{"start":{"line":21,"column":33},"end":{"line":21,"column":47}}],"line":21}},"s":{"0":2,"1":2,"2":6,"3":1,"4":5,"5":4,"6":1,"7":1,"8":2},"f":{"0":6},"b":{"0":[1,5],"1":[6,6],"2":[4,1],"3":[5,5],"4":[1,0],"5":[1,1]},"_coverageSchema":"1a1c01bbd47fc00a2c39e90264f33305004495a9","hash":"ab8cc5caca32b7dfdc116f5aad2f55cffaa4affb"}
,"C:\\Users\\Florencia Taburelli\\Desktop\\De los Andes\\Challenge\\backCreditu\\models\\User.js": {"path":"C:\\Users\\Florencia Taburelli\\Desktop\\De los Andes\\Challenge\\backCreditu\\models\\User.js","statementMap":{"0":{"start":{"line":1,"column":31},"end":{"line":1,"column":54}},"1":{"start":{"line":3,"column":13},"end":{"line":28,"column":1}},"2":{"start":{"line":30,"column":24},"end":{"line":30,"column":40}},"3":{"start":{"line":32,"column":0},"end":{"line":32,"column":20}},"4":{"start":{"line":33,"column":0},"end":{"line":33,"column":23}},"5":{"start":{"line":35,"column":0},"end":{"line":35,"column":21}}},"fnMap":{},"branchMap":{},"s":{"0":2,"1":2,"2":2,"3":2,"4":2,"5":2},"f":{},"b":{},"_coverageSchema":"1a1c01bbd47fc00a2c39e90264f33305004495a9","hash":"63375cee29724eaa40eea37e920593704883fff6"}
,"C:\\Users\\Florencia Taburelli\\Desktop\\De los Andes\\Challenge\\backCreditu\\routes\\player.js": {"path":"C:\\Users\\Florencia Taburelli\\Desktop\\De los Andes\\Challenge\\backCreditu\\routes\\player.js","statementMap":{"0":{"start":{"line":1,"column":19},"end":{"line":1,"column":37}},"1":{"start":{"line":2,"column":15},"end":{"line":2,"column":23}},"2":{"start":{"line":3,"column":126},"end":{"line":3,"column":167}},"3":{"start":{"line":6,"column":0},"end":{"line":13,"column":2}},"4":{"start":{"line":7,"column":2},"end":{"line":12,"column":3}},"5":{"start":{"line":8,"column":4},"end":{"line":8,"column":25}},"6":{"start":{"line":9,"column":4},"end":{"line":9,"column":41}},"7":{"start":{"line":11,"column":4},"end":{"line":11,"column":39}},"8":{"start":{"line":15,"column":0},"end":{"line":26,"column":2}},"9":{"start":{"line":16,"column":40},"end":{"line":16,"column":49}},"10":{"start":{"line":17,"column":2},"end":{"line":25,"column":3}},"11":{"start":{"line":18,"column":4},"end":{"line":18,"column":72}},"12":{"start":{"line":19,"column":4},"end":{"line":19,"column":66}},"13":{"start":{"line":21,"column":4},"end":{"line":24,"column":6}},"14":{"start":{"line":28,"column":0},"end":{"line":39,"column":2}},"15":{"start":{"line":29,"column":29},"end":{"line":29,"column":38}},"16":{"start":{"line":30,"column":2},"end":{"line":30,"column":82}},"17":{"start":{"line":30,"column":16},"end":{"line":30,"column":82}},"18":{"start":{"line":31,"column":2},"end":{"line":38,"column":3}},"19":{"start":{"line":32,"column":4},"end":{"line":32,"column":62}},"20":{"start":{"line":34,"column":4},"end":{"line":37,"column":6}},"21":{"start":{"line":41,"column":0},"end":{"line":51,"column":2}},"22":{"start":{"line":42,"column":19},"end":{"line":42,"column":28}},"23":{"start":{"line":43,"column":2},"end":{"line":50,"column":3}},"24":{"start":{"line":44,"column":4},"end":{"line":44,"column":54}},"25":{"start":{"line":46,"column":4},"end":{"line":49,"column":6}},"26":{"start":{"line":53,"column":0},"end":{"line":68,"column":2}},"27":{"start":{"line":54,"column":15},"end":{"line":54,"column":25}},"28":{"start":{"line":55,"column":2},"end":{"line":67,"column":3}},"29":{"start":{"line":56,"column":19},"end":{"line":56,"column":42}},"30":{"start":{"line":57,"column":4},"end":{"line":61,"column":5}},"31":{"start":{"line":58,"column":6},"end":{"line":58,"column":41}},"32":{"start":{"line":60,"column":6},"end":{"line":60,"column":62}},"33":{"start":{"line":63,"column":4},"end":{"line":66,"column":6}},"34":{"start":{"line":70,"column":0},"end":{"line":81,"column":2}},"35":{"start":{"line":71,"column":45},"end":{"line":71,"column":53}},"36":{"start":{"line":72,"column":2},"end":{"line":80,"column":3}},"37":{"start":{"line":73,"column":4},"end":{"line":73,"column":115}},"38":{"start":{"line":73,"column":39},"end":{"line":73,"column":115}},"39":{"start":{"line":74,"column":4},"end":{"line":74,"column":78}},"40":{"start":{"line":76,"column":4},"end":{"line":79,"column":6}},"41":{"start":{"line":83,"column":0},"end":{"line":98,"column":2}},"42":{"start":{"line":84,"column":15},"end":{"line":84,"column":25}},"43":{"start":{"line":85,"column":2},"end":{"line":97,"column":3}},"44":{"start":{"line":86,"column":26},"end":{"line":86,"column":48}},"45":{"start":{"line":87,"column":4},"end":{"line":91,"column":5}},"46":{"start":{"line":88,"column":6},"end":{"line":88,"column":72}},"47":{"start":{"line":90,"column":6},"end":{"line":90,"column":62}},"48":{"start":{"line":93,"column":4},"end":{"line":96,"column":6}},"49":{"start":{"line":100,"column":0},"end":{"line":112,"column":2}},"50":{"start":{"line":101,"column":15},"end":{"line":101,"column":25}},"51":{"start":{"line":102,"column":47},"end":{"line":102,"column":55}},"52":{"start":{"line":103,"column":2},"end":{"line":111,"column":3}},"53":{"start":{"line":104,"column":5},"end":{"line":104,"column":83}},"54":{"start":{"line":104,"column":18},"end":{"line":104,"column":83}},"55":{"start":{"line":105,"column":5},"end":{"line":105,"column":83}},"56":{"start":{"line":107,"column":4},"end":{"line":110,"column":6}},"57":{"start":{"line":115,"column":0},"end":{"line":115,"column":23}}},"fnMap":{"0":{"name":"(anonymous_0)","decl":{"start":{"line":6,"column":24},"end":{"line":6,"column":25}},"loc":{"start":{"line":6,"column":44},"end":{"line":13,"column":1}},"line":6},"1":{"name":"(anonymous_1)","decl":{"start":{"line":15,"column":23},"end":{"line":15,"column":24}},"loc":{"start":{"line":15,"column":43},"end":{"line":26,"column":1}},"line":15},"2":{"name":"(anonymous_2)","decl":{"start":{"line":28,"column":28},"end":{"line":28,"column":29}},"loc":{"start":{"line":28,"column":46},"end":{"line":39,"column":1}},"line":28},"3":{"name":"(anonymous_3)","decl":{"start":{"line":41,"column":30},"end":{"line":41,"column":31}},"loc":{"start":{"line":41,"column":48},"end":{"line":51,"column":1}},"line":41},"4":{"name":"(anonymous_4)","decl":{"start":{"line":53,"column":27},"end":{"line":53,"column":28}},"loc":{"start":{"line":53,"column":47},"end":{"line":68,"column":1}},"line":53},"5":{"name":"(anonymous_5)","decl":{"start":{"line":70,"column":24},"end":{"line":70,"column":25}},"loc":{"start":{"line":70,"column":43},"end":{"line":81,"column":1}},"line":70},"6":{"name":"(anonymous_6)","decl":{"start":{"line":83,"column":30},"end":{"line":83,"column":31}},"loc":{"start":{"line":83,"column":50},"end":{"line":98,"column":1}},"line":83},"7":{"name":"(anonymous_7)","decl":{"start":{"line":100,"column":27},"end":{"line":100,"column":28}},"loc":{"start":{"line":100,"column":47},"end":{"line":112,"column":1}},"line":100}},"branchMap":{"0":{"loc":{"start":{"line":16,"column":8},"end":{"line":16,"column":16}},"type":"default-arg","locations":[{"start":{"line":16,"column":15},"end":{"line":16,"column":16}}],"line":16},"1":{"loc":{"start":{"line":16,"column":18},"end":{"line":16,"column":27}},"type":"default-arg","locations":[{"start":{"line":16,"column":25},"end":{"line":16,"column":27}}],"line":16},"2":{"loc":{"start":{"line":18,"column":14},"end":{"line":18,"column":72}},"type":"cond-expr","locations":[{"start":{"line":18,"column":56},"end":{"line":18,"column":62}},{"start":{"line":18,"column":65},"end":{"line":18,"column":72}}],"line":18},"3":{"loc":{"start":{"line":18,"column":14},"end":{"line":18,"column":53}},"type":"binary-expr","locations":[{"start":{"line":18,"column":14},"end":{"line":18,"column":31}},{"start":{"line":18,"column":35},"end":{"line":18,"column":53}}],"line":18},"4":{"loc":{"start":{"line":30,"column":2},"end":{"line":30,"column":82}},"type":"if","locations":[{"start":{"line":30,"column":2},"end":{"line":30,"column":82}},{"start":{},"end":{}}],"line":30},"5":{"loc":{"start":{"line":57,"column":4},"end":{"line":61,"column":5}},"type":"if","locations":[{"start":{"line":57,"column":4},"end":{"line":61,"column":5}},{"start":{"line":59,"column":9},"end":{"line":61,"column":5}}],"line":57},"6":{"loc":{"start":{"line":73,"column":4},"end":{"line":73,"column":115}},"type":"if","locations":[{"start":{"line":73,"column":4},"end":{"line":73,"column":115}},{"start":{},"end":{}}],"line":73},"7":{"loc":{"start":{"line":73,"column":7},"end":{"line":73,"column":37}},"type":"binary-expr","locations":[{"start":{"line":73,"column":7},"end":{"line":73,"column":16}},{"start":{"line":73,"column":20},"end":{"line":73,"column":27}},{"start":{"line":73,"column":31},"end":{"line":73,"column":37}}],"line":73},"8":{"loc":{"start":{"line":87,"column":4},"end":{"line":91,"column":5}},"type":"if","locations":[{"start":{"line":87,"column":4},"end":{"line":91,"column":5}},{"start":{"line":89,"column":9},"end":{"line":91,"column":5}}],"line":87},"9":{"loc":{"start":{"line":104,"column":5},"end":{"line":104,"column":83}},"type":"if","locations":[{"start":{"line":104,"column":5},"end":{"line":104,"column":83}},{"start":{},"end":{}}],"line":104}},"s":{"0":2,"1":2,"2":2,"3":2,"4":0,"5":0,"6":0,"7":0,"8":2,"9":7,"10":7,"11":7,"12":7,"13":0,"14":2,"15":0,"16":0,"17":0,"18":0,"19":0,"20":0,"21":2,"22":0,"23":0,"24":0,"25":0,"26":2,"27":3,"28":3,"29":3,"30":3,"31":2,"32":0,"33":1,"34":2,"35":4,"36":4,"37":4,"38":3,"39":1,"40":0,"41":2,"42":3,"43":3,"44":3,"45":3,"46":2,"47":1,"48":0,"49":2,"50":6,"51":6,"52":6,"53":6,"54":1,"55":5,"56":0,"57":2},"f":{"0":0,"1":7,"2":0,"3":0,"4":3,"5":4,"6":3,"7":6},"b":{"0":[6],"1":[6],"2":[6,1],"3":[7,7],"4":[0,0],"5":[2,0],"6":[3,1],"7":[4,3,2],"8":[2,1],"9":[1,5]},"_coverageSchema":"1a1c01bbd47fc00a2c39e90264f33305004495a9","hash":"a329e8fd394c2a3f03d0b2a04e814e749bb73e87"}
,"C:\\Users\\Florencia Taburelli\\Desktop\\De los Andes\\Challenge\\backCreditu\\routes\\user.js": {"path":"C:\\Users\\Florencia Taburelli\\Desktop\\De los Andes\\Challenge\\backCreditu\\routes\\user.js","statementMap":{"0":{"start":{"line":1,"column":19},"end":{"line":1,"column":37}},"1":{"start":{"line":2,"column":15},"end":{"line":2,"column":23}},"2":{"start":{"line":3,"column":55},"end":{"line":3,"column":94}},"3":{"start":{"line":5,"column":0},"end":{"line":15,"column":2}},"4":{"start":{"line":6,"column":20},"end":{"line":6,"column":29}},"5":{"start":{"line":7,"column":4},"end":{"line":14,"column":5}},"6":{"start":{"line":8,"column":8},"end":{"line":8,"column":50}},"7":{"start":{"line":10,"column":8},"end":{"line":13,"column":10}},"8":{"start":{"line":17,"column":0},"end":{"line":31,"column":2}},"9":{"start":{"line":18,"column":26},"end":{"line":18,"column":34}},"10":{"start":{"line":19,"column":4},"end":{"line":30,"column":5}},"11":{"start":{"line":20,"column":8},"end":{"line":20,"column":74}},"12":{"start":{"line":22,"column":8},"end":{"line":29,"column":9}},"13":{"start":{"line":23,"column":12},"end":{"line":23,"column":64}},"14":{"start":{"line":25,"column":12},"end":{"line":28,"column":14}},"15":{"start":{"line":33,"column":0},"end":{"line":45,"column":2}},"16":{"start":{"line":34,"column":25},"end":{"line":34,"column":33}},"17":{"start":{"line":35,"column":4},"end":{"line":35,"column":105}},"18":{"start":{"line":35,"column":23},"end":{"line":35,"column":105}},"19":{"start":{"line":36,"column":4},"end":{"line":43,"column":5}},"20":{"start":{"line":37,"column":8},"end":{"line":37,"column":78}},"21":{"start":{"line":39,"column":8},"end":{"line":42,"column":10}},"22":{"start":{"line":47,"column":0},"end":{"line":59,"column":2}},"23":{"start":{"line":48,"column":17},"end":{"line":48,"column":25}},"24":{"start":{"line":49,"column":4},"end":{"line":49,"column":73}},"25":{"start":{"line":49,"column":12},"end":{"line":49,"column":73}},"26":{"start":{"line":51,"column":4},"end":{"line":58,"column":5}},"27":{"start":{"line":52,"column":8},"end":{"line":52,"column":50}},"28":{"start":{"line":54,"column":8},"end":{"line":57,"column":10}},"29":{"start":{"line":61,"column":0},"end":{"line":61,"column":23}}},"fnMap":{"0":{"name":"(anonymous_0)","decl":{"start":{"line":5,"column":20},"end":{"line":5,"column":21}},"loc":{"start":{"line":5,"column":40},"end":{"line":15,"column":1}},"line":5},"1":{"name":"(anonymous_1)","decl":{"start":{"line":17,"column":21},"end":{"line":17,"column":22}},"loc":{"start":{"line":17,"column":41},"end":{"line":31,"column":1}},"line":17},"2":{"name":"(anonymous_2)","decl":{"start":{"line":33,"column":29},"end":{"line":33,"column":30}},"loc":{"start":{"line":33,"column":48},"end":{"line":45,"column":1}},"line":33},"3":{"name":"(anonymous_3)","decl":{"start":{"line":47,"column":23},"end":{"line":47,"column":24}},"loc":{"start":{"line":47,"column":41},"end":{"line":59,"column":1}},"line":47}},"branchMap":{"0":{"loc":{"start":{"line":19,"column":4},"end":{"line":30,"column":5}},"type":"if","locations":[{"start":{"line":19,"column":4},"end":{"line":30,"column":5}},{"start":{"line":21,"column":11},"end":{"line":30,"column":5}}],"line":19},"1":{"loc":{"start":{"line":19,"column":7},"end":{"line":19,"column":22}},"type":"binary-expr","locations":[{"start":{"line":19,"column":7},"end":{"line":19,"column":12}},{"start":{"line":19,"column":16},"end":{"line":19,"column":22}}],"line":19},"2":{"loc":{"start":{"line":35,"column":4},"end":{"line":35,"column":105}},"type":"if","locations":[{"start":{"line":35,"column":4},"end":{"line":35,"column":105}},{"start":{},"end":{}}],"line":35},"3":{"loc":{"start":{"line":35,"column":7},"end":{"line":35,"column":21}},"type":"binary-expr","locations":[{"start":{"line":35,"column":7},"end":{"line":35,"column":12}},{"start":{"line":35,"column":16},"end":{"line":35,"column":21}}],"line":35},"4":{"loc":{"start":{"line":49,"column":4},"end":{"line":49,"column":73}},"type":"if","locations":[{"start":{"line":49,"column":4},"end":{"line":49,"column":73}},{"start":{},"end":{}}],"line":49}},"s":{"0":2,"1":2,"2":2,"3":2,"4":3,"5":3,"6":3,"7":1,"8":2,"9":1,"10":1,"11":1,"12":0,"13":0,"14":0,"15":2,"16":0,"17":0,"18":0,"19":0,"20":0,"21":0,"22":2,"23":0,"24":0,"25":0,"26":0,"27":0,"28":0,"29":2},"f":{"0":3,"1":1,"2":0,"3":0},"b":{"0":[1,0],"1":[1,0],"2":[0,0],"3":[0,0],"4":[0,0]},"_coverageSchema":"1a1c01bbd47fc00a2c39e90264f33305004495a9","hash":"63f2f55cb862d918f919b3d2b9462ee2608caeea"}
}
