TN:
SF:app.js
FNF:0
FNH:0
DA:1,2
DA:2,2
DA:3,2
DA:4,2
DA:6,2
DA:8,2
DA:9,2
DA:10,2
DA:14,2
DA:15,2
DA:18,2
LF:11
LH:11
BRF:0
BRH:0
end_of_record
TN:
SF:controllers\functionPlayers.js
FN:6,(anonymous_0)
FN:7,(anonymous_1)
FN:10,(anonymous_2)
FN:15,(anonymous_3)
FN:24,(anonymous_4)
FN:31,(anonymous_5)
FN:35,(anonymous_6)
FN:37,(anonymous_7)
FN:42,(anonymous_8)
FN:47,(anonymous_9)
FN:75,(anonymous_10)
FN:80,(anonymous_11)
FN:97,(anonymous_12)
FN:111,(anonymous_13)
FN:133,(anonymous_14)
FN:140,(anonymous_15)
FN:154,(anonymous_16)
FN:161,(anonymous_17)
FN:173,(anonymous_18)
FN:181,(anonymous_19)
FN:188,(anonymous_20)
FNF:21
FNH:8
FNDA:0,(anonymous_0)
FNDA:0,(anonymous_1)
FNDA:0,(anonymous_2)
FNDA:7,(anonymous_3)
FNDA:6,(anonymous_4)
FNDA:7,(anonymous_5)
FNDA:0,(anonymous_6)
FNDA:1,(anonymous_7)
FNDA:3,(anonymous_8)
FNDA:1,(anonymous_9)
FNDA:3,(anonymous_10)
FNDA:5,(anonymous_11)
FNDA:0,(anonymous_12)
FNDA:0,(anonymous_13)
FNDA:0,(anonymous_14)
FNDA:0,(anonymous_15)
FNDA:0,(anonymous_16)
FNDA:0,(anonymous_17)
FNDA:0,(anonymous_18)
FNDA:0,(anonymous_19)
FNDA:0,(anonymous_20)
DA:1,2
DA:2,2
DA:3,2
DA:4,2
DA:6,2
DA:7,0
DA:10,2
DA:11,0
DA:12,0
DA:15,2
DA:16,7
DA:19,7
DA:24,7
DA:25,6
DA:31,7
DA:34,7
DA:35,0
DA:36,7
DA:37,7
DA:42,2
DA:43,3
DA:44,3
DA:47,2
DA:48,1
DA:49,1
DA:50,1
DA:51,1
DA:60,1
DA:61,1
DA:62,1
DA:63,1
DA:65,0
DA:69,0
DA:72,0
DA:75,2
DA:76,3
DA:77,3
DA:80,2
DA:81,5
DA:82,5
DA:83,5
DA:84,1
DA:85,1
DA:86,1
DA:87,4
DA:88,4
DA:89,4
DA:90,4
DA:93,0
DA:97,2
DA:98,0
DA:102,0
DA:103,0
DA:104,0
DA:105,0
DA:111,0
DA:114,0
DA:117,0
DA:119,0
DA:120,0
DA:132,0
DA:133,0
DA:134,0
DA:140,0
DA:143,0
DA:145,0
DA:147,0
DA:151,0
DA:152,0
DA:153,0
DA:154,0
DA:155,0
DA:161,0
DA:163,0
DA:165,0
DA:167,0
DA:173,2
DA:174,0
DA:175,0
DA:178,0
DA:180,0
DA:181,0
DA:182,0
DA:188,0
DA:190,0
DA:192,0
DA:195,0
DA:201,2
LF:88
LH:44
BRDA:22,0,0,7
BRDA:22,0,1,0
BRDA:34,1,0,0
BRDA:34,1,1,7
BRDA:36,2,0,7
BRDA:36,2,1,0
BRDA:49,3,0,1
BRDA:49,3,1,0
BRDA:50,4,0,1
BRDA:50,4,1,0
BRDA:60,5,0,1
BRDA:60,5,1,0
BRDA:82,6,0,5
BRDA:82,6,1,0
BRDA:83,7,0,1
BRDA:83,7,1,4
BRDA:85,8,0,0
BRDA:85,8,1,1
BRDA:87,9,0,4
BRDA:87,9,1,0
BRDA:89,10,0,0
BRDA:89,10,1,4
BRDA:102,11,0,0
BRDA:102,11,1,0
BRDA:104,12,0,0
BRDA:104,12,1,0
BRDA:117,13,0,0
BRDA:117,13,1,0
BRDA:119,14,0,0
BRDA:119,14,1,0
BRDA:119,15,0,0
BRDA:119,15,1,0
BRDA:132,16,0,0
BRDA:132,16,1,0
BRDA:151,17,0,0
BRDA:151,17,1,0
BRDA:151,18,0,0
BRDA:151,18,1,0
BRDA:153,19,0,0
BRDA:153,19,1,0
BRDA:174,20,0,0
BRDA:174,20,1,0
BRDA:174,21,0,0
BRDA:174,21,1,0
BRDA:174,21,2,0
BRDA:174,21,3,0
BRDA:180,22,0,0
BRDA:180,22,1,0
BRF:48
BRH:12
end_of_record
TN:
SF:controllers\functionUsers.js
FN:4,(anonymous_0)
FN:39,(anonymous_1)
FN:53,(anonymous_2)
FN:61,(anonymous_3)
FN:70,(anonymous_4)
FNF:5
FNH:1
FNDA:3,(anonymous_0)
FNDA:0,(anonymous_1)
FNDA:0,(anonymous_2)
FNDA:0,(anonymous_3)
FNDA:0,(anonymous_4)
DA:1,2
DA:2,2
DA:4,2
DA:5,3
DA:6,3
DA:11,2
DA:12,0
DA:13,0
DA:18,0
DA:19,0
DA:20,0
DA:25,0
DA:26,0
DA:27,0
DA:32,0
DA:34,0
DA:35,0
DA:39,2
DA:40,0
DA:47,0
DA:48,0
DA:51,0
DA:52,0
DA:53,0
DA:54,0
DA:58,0
DA:61,2
DA:62,0
DA:67,0
DA:70,2
DA:71,0
DA:72,0
DA:73,0
DA:74,0
DA:78,2
LF:35
LH:10
BRDA:5,0,0,3
BRDA:5,0,1,0
BRDA:12,1,0,0
BRDA:12,1,1,0
BRDA:19,2,0,0
BRDA:19,2,1,0
BRDA:26,3,0,0
BRDA:26,3,1,0
BRDA:47,4,0,0
BRDA:47,4,1,0
BRDA:52,5,0,0
BRDA:52,5,1,0
BRDA:72,6,0,0
BRDA:72,6,1,0
BRF:14
BRH:1
end_of_record
TN:
SF:db\db.js
FN:36,(anonymous_0)
FN:37,(anonymous_1)
FNF:2
FNH:1
FNDA:2,(anonymous_0)
FNDA:0,(anonymous_1)
DA:1,2
DA:10,2
DA:35,2
DA:36,2
DA:37,0
DA:39,2
LF:6
LH:5
BRF:0
BRH:0
end_of_record
TN:
SF:models\Player.js
FN:16,(anonymous_0)
FNF:1
FNH:1
FNDA:6,(anonymous_0)
DA:1,2
DA:4,2
DA:17,6
DA:18,1
DA:19,5
DA:20,4
DA:21,1
DA:22,1
DA:35,2
LF:9
LH:9
BRDA:17,0,0,1
BRDA:17,0,1,5
BRDA:17,1,0,6
BRDA:17,1,1,6
BRDA:19,2,0,4
BRDA:19,2,1,1
BRDA:19,3,0,5
BRDA:19,3,1,5
BRDA:21,4,0,1
BRDA:21,4,1,0
BRDA:21,5,0,1
BRDA:21,5,1,1
BRF:12
BRH:11
end_of_record
TN:
SF:models\User.js
FNF:0
FNH:0
DA:1,2
DA:3,2
DA:30,2
DA:32,2
DA:33,2
DA:35,2
LF:6
LH:6
BRF:0
BRH:0
end_of_record
TN:
SF:routes\player.js
FN:6,(anonymous_0)
FN:15,(anonymous_1)
FN:28,(anonymous_2)
FN:41,(anonymous_3)
FN:53,(anonymous_4)
FN:70,(anonymous_5)
FN:83,(anonymous_6)
FN:100,(anonymous_7)
FNF:8
FNH:5
FNDA:0,(anonymous_0)
FNDA:7,(anonymous_1)
FNDA:0,(anonymous_2)
FNDA:0,(anonymous_3)
FNDA:3,(anonymous_4)
FNDA:4,(anonymous_5)
FNDA:3,(anonymous_6)
FNDA:6,(anonymous_7)
DA:1,2
DA:2,2
DA:3,2
DA:6,2
DA:7,0
DA:8,0
DA:9,0
DA:11,0
DA:15,2
DA:16,7
DA:17,7
DA:18,7
DA:19,7
DA:21,0
DA:28,2
DA:29,0
DA:30,0
DA:31,0
DA:32,0
DA:34,0
DA:41,2
DA:42,0
DA:43,0
DA:44,0
DA:46,0
DA:53,2
DA:54,3
DA:55,3
DA:56,3
DA:57,3
DA:58,2
DA:60,0
DA:63,1
DA:70,2
DA:71,4
DA:72,4
DA:73,4
DA:74,1
DA:76,0
DA:83,2
DA:84,3
DA:85,3
DA:86,3
DA:87,3
DA:88,2
DA:90,1
DA:93,0
DA:100,2
DA:101,6
DA:102,6
DA:103,6
DA:104,6
DA:105,5
DA:107,0
DA:115,2
LF:55
LH:37
BRDA:16,0,0,6
BRDA:16,1,0,6
BRDA:18,2,0,6
BRDA:18,2,1,1
BRDA:18,3,0,7
BRDA:18,3,1,7
BRDA:30,4,0,0
BRDA:30,4,1,0
BRDA:57,5,0,2
BRDA:57,5,1,0
BRDA:73,6,0,3
BRDA:73,6,1,1
BRDA:73,7,0,4
BRDA:73,7,1,3
BRDA:73,7,2,2
BRDA:87,8,0,2
BRDA:87,8,1,1
BRDA:104,9,0,1
BRDA:104,9,1,5
BRF:19
BRH:16
end_of_record
TN:
SF:routes\user.js
FN:5,(anonymous_0)
FN:17,(anonymous_1)
FN:33,(anonymous_2)
FN:47,(anonymous_3)
FNF:4
FNH:2
FNDA:3,(anonymous_0)
FNDA:1,(anonymous_1)
FNDA:0,(anonymous_2)
FNDA:0,(anonymous_3)
DA:1,2
DA:2,2
DA:3,2
DA:5,2
DA:6,3
DA:7,3
DA:8,3
DA:10,1
DA:17,2
DA:18,1
DA:19,1
DA:20,1
DA:22,0
DA:23,0
DA:25,0
DA:33,2
DA:34,0
DA:35,0
DA:36,0
DA:37,0
DA:39,0
DA:47,2
DA:48,0
DA:49,0
DA:51,0
DA:52,0
DA:54,0
DA:61,2
LF:28
LH:15
BRDA:19,0,0,1
BRDA:19,0,1,0
BRDA:19,1,0,1
BRDA:19,1,1,0
BRDA:35,2,0,0
BRDA:35,2,1,0
BRDA:35,3,0,0
BRDA:35,3,1,0
BRDA:49,4,0,0
BRDA:49,4,1,0
BRF:10
BRH:2
end_of_record
